[2022-03-20T13:18:56.374] [INFO] default - Server running at 8000
[2022-03-20T13:19:12.384] [INFO] default - Server running at 8000
[2022-03-20T13:20:13.591] [INFO] default - Server running at 8000
[2022-03-20T13:21:27.416] [INFO] default - Server running at 8000
[2022-03-20T13:21:34.143] [INFO] default - Server running at 8000
[2022-03-20T13:21:59.546] [INFO] default - Server running at 8000
[2022-03-20T13:22:59.905] [INFO] default - Server running at 8000
[2022-03-20T13:22:59.974] [INFO] default - Database connect success
[2022-03-20T16:39:39.349] [INFO] default - Server running at 8000
[2022-03-20T16:39:39.394] [INFO] default - Database connect success
[2022-03-20T16:39:47.666] [INFO] default - Server running at 8000
[2022-03-20T16:39:47.708] [INFO] default - Database connect success
[2022-03-20T16:40:06.299] [INFO] default - Server running at 8000
[2022-03-20T16:40:06.346] [INFO] default - Database connect success
[2022-03-20T16:40:26.124] [INFO] default - Server running at 8000
[2022-03-20T16:40:26.161] [INFO] default - Database connect success
[2022-03-20T16:41:15.148] [INFO] default - Server running at 8000
[2022-03-20T16:41:15.188] [INFO] default - Database connect success
[2022-03-20T16:41:30.375] [INFO] default - Server running at 8000
[2022-03-20T16:41:30.412] [INFO] default - Database connect success
[2022-03-20T16:41:35.378] [INFO] default - Server running at 8000
[2022-03-20T16:41:35.420] [INFO] default - Database connect success
[2022-03-20T16:43:05.297] [INFO] default - Server running at 8000
[2022-03-20T16:43:05.392] [INFO] default - Database connect success
[2022-03-20T16:43:20.355] [INFO] default - Server running at 8000
[2022-03-20T16:43:20.436] [INFO] default - Database connect success
[2022-03-20T16:43:56.836] [INFO] default - Server running at 8000
[2022-03-20T16:43:56.928] [INFO] default - Database connect success
[2022-03-20T16:44:36.799] [INFO] default - Server running at 8000
[2022-03-20T16:44:36.889] [INFO] default - Database connect success
[2022-03-20T18:31:42.237] [INFO] default - Server running at 8000
[2022-03-20T18:31:42.341] [INFO] default - Database connect success
[2022-03-20T18:33:44.360] [INFO] default - Server running at 8000
[2022-03-20T18:33:44.555] [INFO] default - Database connect success
[2022-03-20T18:34:23.144] [INFO] default - Server running at 8000
[2022-03-20T18:34:23.198] [INFO] default - Database connect success
[2022-03-20T18:34:54.764] [INFO] default - Server running at 8000
[2022-03-20T18:34:54.830] [INFO] default - Database connect success
[2022-03-20T18:36:08.912] [INFO] default - Server running at 8000
[2022-03-20T18:36:09.074] [INFO] default - Database connect success
[2022-03-20T18:37:03.709] [INFO] default - Server running at 8000
[2022-03-20T18:37:03.921] [INFO] default - Database connect success
[2022-03-20T18:38:09.639] [INFO] default - Server running at 8000
[2022-03-20T18:38:09.983] [INFO] default - Database connect success
[2022-03-20T18:38:56.611] [INFO] default - Server running at 8000
[2022-03-20T18:38:56.900] [INFO] default - Database connect success
[2022-03-20T18:39:17.716] [INFO] default - Server running at 8000
[2022-03-20T18:39:17.825] [INFO] default - Database connect success
[2022-03-20T18:39:39.510] [INFO] default - Server running at 8000
[2022-03-20T18:39:39.654] [INFO] default - Database connect success
[2022-03-20T18:39:57.799] [INFO] default - Server running at 8000
[2022-03-20T18:39:57.960] [INFO] default - Database connect success
[2022-03-20T18:42:07.401] [INFO] default - Server running at 8000
[2022-03-20T18:42:07.515] [INFO] default - Database connect success
[2022-03-20T18:42:36.644] [INFO] default - Server running at 8000
[2022-03-20T18:42:36.777] [INFO] default - Database connect success
[2022-03-20T18:42:56.288] [INFO] default - Server running at 8000
[2022-03-20T18:42:56.390] [INFO] default - Database connect success
[2022-03-20T18:43:49.485] [INFO] default - Server running at 8000
[2022-03-20T18:43:49.921] [INFO] default - Database connect success
[2022-03-20T18:43:59.019] [INFO] default - Server running at 8000
[2022-03-20T18:43:59.510] [INFO] default - Database connect success
[2022-03-20T18:44:55.592] [INFO] default - Server running at 8000
[2022-03-20T18:44:56.091] [INFO] default - Database connect success
[2022-03-20T18:45:16.589] [INFO] default - Server running at 8000
[2022-03-20T18:45:17.061] [INFO] default - Database connect success
[2022-03-20T18:45:47.542] [INFO] default - Server running at 8000
[2022-03-20T18:45:47.685] [INFO] default - Database connect success
[2022-03-20T18:47:17.422] [INFO] default - Server running at 8000
[2022-03-20T18:47:17.779] [INFO] default - Database connect success
[2022-03-20T18:47:41.698] [INFO] default - Server running at 8000
[2022-03-20T18:47:41.890] [INFO] default - Database connect success
[2022-03-20T18:48:02.863] [INFO] default - Server running at 8000
[2022-03-20T18:48:03.016] [INFO] default - Database connect success
[2022-03-20T18:48:15.834] [INFO] default - Server running at 8000
[2022-03-20T18:48:15.964] [INFO] default - Database connect success
[2022-03-20T18:52:37.497] [INFO] default - Server running at 8000
[2022-03-20T18:52:37.868] [INFO] default - Database connect success
[2022-03-20T18:53:16.086] [INFO] default - Server running at 8000
[2022-03-20T18:53:16.765] [INFO] default - Database connect success
[2022-03-20T18:53:49.325] [INFO] default - Server running at 8000
[2022-03-20T18:53:49.386] [INFO] default - Database connect success
[2022-03-20T18:58:12.477] [INFO] default - Server running at 8000
[2022-03-20T18:58:12.713] [INFO] default - Database connect success
[2022-03-20T18:59:34.702] [INFO] default - Server running at 8000
[2022-03-20T18:59:34.798] [INFO] default - Database connect success
[2022-03-20T19:00:07.797] [INFO] default - Server running at 8000
[2022-03-20T19:00:07.978] [INFO] default - Database connect success
[2022-03-20T19:00:28.209] [INFO] default - Server running at 8000
[2022-03-20T19:00:28.330] [INFO] default - Database connect success
[2022-03-20T19:02:16.018] [INFO] default - Server running at 8000
[2022-03-20T19:02:16.270] [INFO] default - Database connect success
[2022-03-20T19:03:15.368] [INFO] default - Server running at 8000
[2022-03-20T19:03:15.503] [INFO] default - Database connect success
[2022-03-20T19:03:26.413] [INFO] default - Server running at 8000
[2022-03-20T19:03:26.516] [INFO] default - Database connect success
[2022-03-20T19:03:32.537] [INFO] default - Server running at 8000
[2022-03-20T19:03:32.675] [INFO] default - Database connect success
[2022-03-20T19:04:12.820] [INFO] default - Server running at 8000
[2022-03-20T19:04:12.899] [INFO] default - Database connect success
[2022-03-20T19:04:26.117] [INFO] default - Server running at 8000
[2022-03-20T19:04:26.202] [INFO] default - Database connect success
[2022-03-20T19:05:21.266] [INFO] default - Server running at 8000
[2022-03-20T19:05:21.897] [INFO] default - Database connect success
[2022-03-20T19:05:35.903] [INFO] default - Server running at 8000
[2022-03-20T19:05:36.008] [INFO] default - Database connect success
[2022-03-20T19:06:00.102] [INFO] default - Server running at 8000
[2022-03-20T19:06:00.698] [INFO] default - Database connect success
[2022-03-20T19:06:29.566] [INFO] default - Server running at 8000
[2022-03-20T19:06:30.698] [INFO] default - Database connect success
[2022-03-20T19:17:03.042] [INFO] default - Server running at 8000
[2022-03-20T19:17:03.103] [INFO] default - Database connect success
[2022-03-20T19:17:55.636] [INFO] default - Server running at 8000
[2022-03-20T19:17:55.756] [INFO] default - Database connect success
[2022-03-20T19:18:05.619] [INFO] default - Server running at 8000
[2022-03-20T19:18:05.730] [INFO] default - Database connect success
[2022-03-20T19:18:18.746] [INFO] default - Server running at 8000
[2022-03-20T19:18:18.807] [INFO] default - Database connect success
[2022-03-20T19:18:26.423] [INFO] default - Server running at 8000
[2022-03-20T19:18:26.520] [INFO] default - Database connect success
[2022-03-20T19:21:22.087] [INFO] default - Server running at 8000
[2022-03-20T19:21:22.227] [INFO] default - Database connect success
[2022-03-20T19:21:28.431] [INFO] default - Server running at 8000
[2022-03-20T19:21:28.490] [INFO] default - Database connect success
[2022-03-20T19:22:12.975] [INFO] default - Server running at 8000
[2022-03-20T19:22:13.149] [INFO] default - Database connect success
[2022-03-20T19:23:16.141] [INFO] default - Server running at 8000
[2022-03-20T19:23:16.294] [INFO] default - Database connect success
[2022-03-20T19:25:24.922] [INFO] default - Server running at 8000
[2022-03-20T19:25:25.074] [INFO] default - Database connect success
[2022-03-20T19:25:58.740] [INFO] default - Server running at 8000
[2022-03-20T19:25:58.870] [INFO] default - Database connect success
[2022-03-20T19:27:40.898] [INFO] default - Server running at 8000
[2022-03-20T19:27:41.026] [INFO] default - Database connect success
[2022-03-20T19:28:27.556] [INFO] default - Server running at 8000
[2022-03-20T19:28:27.793] [INFO] default - Database connect success
[2022-03-20T19:29:11.632] [INFO] default - Server running at 8000
[2022-03-20T19:29:11.806] [INFO] default - Database connect success
[2022-03-20T19:31:26.275] [INFO] default - Server running at 8000
[2022-03-20T19:31:26.408] [INFO] default - Database connect success
[2022-03-20T19:35:35.564] [INFO] default - Server running at 8000
[2022-03-20T19:35:35.694] [INFO] default - Database connect success
[2022-03-20T19:36:30.069] [INFO] default - Server running at 8000
[2022-03-20T19:36:30.504] [INFO] default - Database connect success
[2022-03-20T19:36:55.642] [INFO] default - Server running at 8000
[2022-03-20T19:36:56.230] [INFO] default - Database connect success
[2022-03-20T19:41:13.892] [INFO] default - Server running at 8000
[2022-03-20T19:41:14.004] [INFO] default - Database connect success
[2022-03-20T19:42:22.710] [INFO] default - Server running at 8000
[2022-03-20T19:42:22.798] [ERROR] default - Database connect fail:  models is not defined
[2022-03-20T19:42:35.528] [INFO] default - Server running at 8000
[2022-03-20T19:42:35.747] [INFO] default - Database connect success
[2022-03-20T19:44:26.561] [INFO] default - Server running at 8000
[2022-03-20T19:44:26.784] [INFO] default - Database connect success
[2022-03-20T19:44:55.176] [INFO] default - Server running at 8000
[2022-03-20T19:44:55.350] [INFO] default - Database connect success
[2022-03-20T19:47:09.445] [INFO] default - Server running at 8000
[2022-03-20T19:47:09.551] [INFO] default - Database connect success
[2022-03-20T19:47:57.488] [INFO] default - Server running at 8000
[2022-03-20T19:47:57.654] [INFO] default - Database connect success
[2022-03-20T19:48:31.770] [INFO] default - Server running at 8000
[2022-03-20T19:48:31.909] [INFO] default - Database connect success
[2022-03-20T19:49:01.346] [INFO] default - Server running at 8000
[2022-03-20T19:49:01.469] [INFO] default - Database connect success
[2022-03-20T19:49:31.738] [INFO] default - Server running at 8000
[2022-03-20T19:49:32.023] [INFO] default - Database connect success
[2022-03-20T19:49:48.607] [INFO] default - Server running at 8000
[2022-03-20T19:49:48.682] [INFO] default - Database connect success
[2022-03-20T19:51:36.379] [INFO] default - Server running at 8000
[2022-03-20T19:51:36.541] [INFO] default - Database connect success
[2022-03-20T19:51:37.531] [INFO] default - Server running at 8000
[2022-03-20T19:51:37.656] [INFO] default - Database connect success
[2022-03-20T20:02:50.343] [INFO] default - Server running at 8000
[2022-03-20T20:02:50.477] [INFO] default - Database connect success
[2022-03-20T20:03:47.856] [INFO] default - Server running at 8000
[2022-03-20T20:03:48.011] [INFO] default - Database connect success
[2022-03-20T20:04:06.343] [INFO] default - Server running at 8000
[2022-03-20T20:04:06.577] [INFO] default - Database connect success
[2022-03-20T20:08:32.584] [INFO] default - Server running at 8000
[2022-03-20T20:08:33.656] [INFO] default - Database connect success
[2022-03-20T20:09:19.051] [INFO] default - Server running at 8000
[2022-03-20T20:09:19.635] [INFO] default - Database connect success
[2022-03-20T20:09:42.393] [INFO] default - Server running at 8000
[2022-03-20T20:09:43.008] [INFO] default - Database connect success
[2022-03-20T22:47:11.605] [INFO] default - Server running at 8000
[2022-03-20T22:47:11.824] [INFO] default - Database connect success
[2022-03-21T21:04:47.055] [INFO] default - Server running at 8000
[2022-03-21T21:04:48.343] [INFO] default - Database connect success
[2022-03-21T21:14:35.907] [INFO] default - Server running at 8000
[2022-03-21T21:14:36.092] [INFO] default - Database connect success
[2022-03-21T21:15:52.331] [INFO] default - Server running at 8000
[2022-03-21T21:15:53.011] [INFO] default - Database connect success
[2022-03-21T21:18:24.828] [INFO] default - Server running at 8000
[2022-03-21T21:18:25.026] [INFO] default - Database connect success
[2022-03-21T21:18:53.186] [INFO] default - Server running at 8000
[2022-03-21T21:18:53.394] [INFO] default - Database connect success
[2022-03-22T09:47:17.314] [INFO] default - Server running at 8000
[2022-03-22T09:47:17.330] [ERROR] default - Database connect fail:  connect ECONNREFUSED 127.0.0.1:3306
[2022-03-22T09:47:43.457] [INFO] default - Server running at 8000
[2022-03-22T09:47:44.702] [INFO] default - Database connect success
[2022-03-22T14:35:21.942] [INFO] default - Server running at 8000
[2022-03-22T14:35:22.210] [INFO] default - Database connect success
[2022-03-22T14:35:38.544] [INFO] default - Server running at 8000
[2022-03-22T14:35:38.677] [INFO] default - Database connect success
[2022-03-22T14:41:54.978] [INFO] default - Server running at 8000
[2022-03-22T14:41:55.274] [INFO] default - Database connect success
[2022-03-22T14:43:01.355] [INFO] default - Server running at 8000
[2022-03-22T14:43:01.729] [INFO] default - Database connect success
[2022-03-23T19:44:42.172] [INFO] default - Server running at 8000
[2022-03-23T19:44:47.223] [ERROR] default - Database connect fail:  Permission is not defined
[2022-03-23T19:45:59.323] [INFO] default - Server running at 8000
[2022-03-23T19:45:59.860] [ERROR] default - Database connect fail:  Permission is not defined
[2022-03-23T19:46:50.996] [INFO] default - Server running at 8000
[2022-03-23T19:46:51.576] [INFO] default - Database connect success
[2022-03-23T19:48:04.674] [INFO] default - Server running at 8000
[2022-03-23T19:48:05.009] [INFO] default - Database connect success
[2022-03-23T19:49:47.490] [INFO] default - Server running at 8000
[2022-03-23T19:49:47.753] [INFO] default - Database connect success
[2022-03-23T19:50:27.406] [INFO] default - Server running at 8000
[2022-03-23T19:50:27.708] [INFO] default - Database connect success
[2022-03-23T19:50:33.812] [INFO] default - Server running at 8000
[2022-03-23T19:50:34.738] [INFO] default - Server running at 8000
[2022-03-23T19:50:35.021] [INFO] default - Database connect success
[2022-03-23T19:50:41.347] [INFO] default - Server running at 8000
[2022-03-23T19:50:41.641] [INFO] default - Database connect success
[2022-03-23T19:50:42.530] [INFO] default - Server running at 8000
[2022-03-23T19:50:42.957] [INFO] default - Database connect success
[2022-03-23T19:52:51.052] [INFO] default - Server running at 8000
[2022-03-23T19:52:51.225] [INFO] default - Database connect success
[2022-03-23T19:54:41.017] [INFO] default - Server running at 8000
[2022-03-23T19:54:41.295] [INFO] default - Database connect success
[2022-03-23T19:59:14.179] [INFO] default - Server running at 8000
[2022-03-23T19:59:14.351] [INFO] default - Database connect success
[2022-03-23T19:59:26.961] [INFO] default - Server running at 8000
[2022-03-23T19:59:27.152] [INFO] default - Database connect success
[2022-03-23T20:00:58.664] [INFO] default - Server running at 8000
[2022-03-23T20:00:58.985] [INFO] default - Database connect success
[2022-03-23T20:30:09.778] [INFO] default - Server running at 8000
[2022-03-23T20:30:10.119] [INFO] default - Database connect success
[2022-03-23T20:30:39.646] [INFO] default - Server running at 8000
[2022-03-23T20:30:39.828] [INFO] default - Database connect success
[2022-03-23T20:34:54.973] [INFO] default - Server running at 8000
[2022-03-23T20:34:55.106] [INFO] default - Database connect success
[2022-03-23T20:35:17.862] [INFO] default - Server running at 8000
[2022-03-23T20:35:18.165] [INFO] default - Database connect success
[2022-03-23T20:38:59.017] [INFO] default - Server running at 8000
[2022-03-23T20:38:59.271] [INFO] default - Database connect success
[2022-03-23T20:45:26.005] [INFO] default - Server running at 8000
[2022-03-23T20:45:26.176] [INFO] default - Database connect success
[2022-03-23T20:47:18.604] [INFO] default - Server running at 8000
[2022-03-23T20:47:18.835] [INFO] default - Database connect success
[2022-03-23T20:48:20.915] [INFO] default - Server running at 8000
[2022-03-23T20:48:21.072] [INFO] default - Database connect success
[2022-03-23T20:48:41.110] [INFO] default - Server running at 8000
[2022-03-23T20:48:41.337] [INFO] default - Database connect success
[2022-03-23T20:48:47.205] [INFO] default - Server running at 8000
[2022-03-23T20:48:47.393] [INFO] default - Database connect success
[2022-03-23T20:49:05.047] [INFO] default - Server running at 8000
[2022-03-23T20:49:09.926] [INFO] default - Database connect success
[2022-03-23T20:53:21.945] [INFO] default - Server running at 8000
[2022-03-23T20:53:22.135] [INFO] default - Database connect success
[2022-03-23T22:13:50.796] [INFO] default - Server running at 8000
[2022-03-23T22:13:51.080] [INFO] default - Database connect success
[2022-03-23T22:15:49.085] [INFO] default - Server running at 8000
[2022-03-23T22:15:49.227] [INFO] default - Database connect success
[2022-03-23T22:19:13.134] [INFO] default - Server running at 8000
[2022-03-23T22:19:13.275] [INFO] default - Database connect success
[2022-03-23T22:19:49.454] [INFO] default - Server running at 8000
[2022-03-23T22:19:49.669] [INFO] default - Database connect success
[2022-03-23T22:20:30.055] [INFO] default - Server running at 8000
[2022-03-23T22:20:30.369] [INFO] default - Database connect success
[2022-03-23T22:20:47.756] [INFO] default - Server running at 8000
[2022-03-23T22:20:51.351] [INFO] default - Database connect success
[2022-03-23T22:21:36.879] [INFO] default - Server running at 8000
[2022-03-23T22:21:39.550] [INFO] default - Database connect success
[2022-03-23T22:21:53.981] [INFO] default - Server running at 8000
[2022-03-23T22:21:57.548] [INFO] default - Database connect success
[2022-03-23T22:23:35.821] [INFO] default - Server running at 8000
[2022-03-23T22:23:36.730] [INFO] default - Database connect success
[2022-03-23T22:24:28.787] [INFO] default - Server running at 8000
[2022-03-23T22:24:28.978] [INFO] default - Database connect success
[2022-03-23T22:25:08.472] [INFO] default - Server running at 8000
[2022-03-23T22:25:08.707] [INFO] default - Database connect success
[2022-03-23T22:26:13.711] [INFO] default - Server running at 8000
[2022-03-23T22:26:14.072] [INFO] default - Database connect success
[2022-03-23T22:26:41.932] [INFO] default - Server running at 8000
[2022-03-23T22:26:42.178] [INFO] default - Database connect success
[2022-03-23T22:26:45.662] [INFO] default - Server running at 8000
[2022-03-23T22:26:45.833] [INFO] default - Database connect success
[2022-03-23T22:26:48.869] [INFO] default - Server running at 8000
[2022-03-23T22:26:49.029] [INFO] default - Database connect success
[2022-03-23T22:26:54.155] [INFO] default - Server running at 8000
[2022-03-23T22:26:54.303] [INFO] default - Database connect success
[2022-03-23T22:27:01.714] [INFO] default - Server running at 8000
[2022-03-23T22:27:01.959] [INFO] default - Database connect success
[2022-03-23T22:27:06.069] [INFO] default - Server running at 8000
[2022-03-23T22:27:06.244] [INFO] default - Database connect success
[2022-03-23T22:27:10.044] [INFO] default - Server running at 8000
[2022-03-23T22:27:10.167] [INFO] default - Database connect success
[2022-03-23T22:30:25.506] [INFO] default - Server running at 8000
[2022-03-23T22:30:25.757] [INFO] default - Database connect success
[2022-03-23T22:30:53.413] [INFO] default - Server running at 8000
[2022-03-23T22:30:53.543] [INFO] default - Database connect success
[2022-03-23T22:34:14.214] [INFO] default - Server running at 8000
[2022-03-23T22:34:14.406] [INFO] default - Database connect success
[2022-03-23T22:36:45.786] [INFO] default - Server running at 8000
[2022-03-23T22:36:45.976] [INFO] default - Database connect success
[2022-03-23T22:37:01.358] [INFO] default - Server running at 8000
[2022-03-23T22:37:01.516] [INFO] default - Database connect success
[2022-03-23T22:37:07.243] [INFO] default - Server running at 8000
[2022-03-23T22:37:07.439] [INFO] default - Database connect success
[2022-03-23T22:38:30.600] [INFO] default - Server running at 8000
[2022-03-23T22:38:30.784] [INFO] default - Database connect success
[2022-03-23T22:39:37.692] [INFO] default - Server running at 8000
[2022-03-23T22:39:37.933] [INFO] default - Database connect success
[2022-03-23T22:44:41.367] [INFO] default - Server running at 8000
[2022-03-23T22:44:42.722] [INFO] default - Database connect success
[2022-03-23T22:46:16.961] [INFO] default - Server running at 8000
[2022-03-23T22:46:17.123] [INFO] default - Database connect success
[2022-03-23T22:49:20.255] [INFO] default - Server running at 8000
[2022-03-23T22:49:21.225] [INFO] default - Database connect success
[2022-03-23T22:50:26.777] [INFO] default - Server running at 8000
[2022-03-23T22:50:27.725] [INFO] default - Server running at 8000
[2022-03-23T22:50:27.886] [INFO] default - Database connect success
[2022-03-23T22:51:16.201] [INFO] default - Server running at 8000
[2022-03-23T22:51:16.363] [INFO] default - Database connect success
[2022-03-23T22:57:13.607] [INFO] default - Server running at 8000
[2022-03-23T22:57:19.274] [INFO] default - Database connect success
[2022-03-23T22:57:25.321] [INFO] default - Server running at 8000
[2022-03-23T22:57:25.489] [INFO] default - Database connect success
[2022-03-23T22:58:18.373] [INFO] default - Server running at 8000
[2022-03-23T22:58:18.624] [INFO] default - Database connect success
[2022-03-23T23:19:08.695] [INFO] default - Server running at 8000
[2022-03-23T23:19:10.553] [INFO] default - Database connect success
[2022-03-23T23:56:44.942] [INFO] default - Server running at 8001
[2022-03-23T23:56:46.541] [INFO] default - Database connect success
[2022-03-24T00:02:53.159] [INFO] default - Server running at 8001
[2022-03-24T00:02:53.420] [INFO] default - Database connect success
[2022-03-24T00:03:36.809] [INFO] default - Server running at 8001
[2022-03-24T00:03:37.972] [INFO] default - Database connect success
[2022-03-24T00:03:54.240] [INFO] default - Server running at 8000
[2022-03-24T00:03:55.573] [INFO] default - Database connect success
[2022-03-24T09:28:26.188] [INFO] default - Server running at 8000
[2022-03-24T09:28:26.201] [ERROR] default - Database connect fail:  connect ECONNREFUSED 127.0.0.1:3306
[2022-03-24T09:29:09.621] [INFO] default - Server running at 8000
[2022-03-24T09:29:12.729] [INFO] default - Database connect success
[2022-03-24T09:38:20.754] [INFO] default - Server running at 8000
[2022-03-24T09:38:20.999] [INFO] default - Database connect success
[2022-03-24T09:38:28.646] [INFO] default - Server running at 8000
[2022-03-24T09:38:28.949] [INFO] default - Database connect success
[2022-03-24T09:42:52.581] [INFO] default - Server running at 8000
[2022-03-24T09:42:52.788] [INFO] default - Database connect success
[2022-03-24T09:51:23.677] [INFO] default - Server running at 8000
[2022-03-24T09:51:24.031] [INFO] default - Database connect success
[2022-03-24T10:21:47.041] [INFO] default - Server running at 8000
[2022-03-24T10:21:49.849] [INFO] default - Database connect success
[2022-03-24T12:08:20.204] [INFO] default - Server running at 8000
[2022-03-24T12:08:20.211] [ERROR] default - Database connect fail:  connect ECONNREFUSED 127.0.0.1:3306
[2022-03-24T12:08:42.036] [INFO] default - Server running at 8000
[2022-03-24T12:08:42.043] [ERROR] default - Database connect fail:  connect ECONNREFUSED 127.0.0.1:3306
[2022-03-24T12:09:57.692] [INFO] default - Server running at 8000
[2022-03-24T12:10:00.305] [INFO] default - Database connect success
[2022-03-24T14:27:56.534] [INFO] default - Server running at 8000
[2022-03-24T14:27:58.193] [INFO] default - Database connect success
[2022-03-24T14:28:24.992] [INFO] default - Server running at 8000
[2022-03-24T14:28:26.766] [INFO] default - Database connect success
[2022-03-24T14:28:58.643] [INFO] default - Server running at 8000
[2022-03-24T14:28:59.783] [INFO] default - Database connect success
[2022-03-24T14:30:00.694] [INFO] default - Server running at 8000
[2022-03-24T14:30:02.413] [INFO] default - Database connect success
[2022-03-24T14:31:48.448] [INFO] default - Server running at 8000
[2022-03-24T14:31:50.360] [INFO] default - Database connect success
[2022-03-24T14:33:01.103] [INFO] default - Server running at 8000
[2022-03-24T14:33:01.327] [INFO] default - Database connect success
[2022-03-24T14:33:09.469] [INFO] default - Server running at 8000
[2022-03-24T14:33:10.215] [INFO] default - Database connect success
[2022-03-24T14:34:44.140] [INFO] default - Server running at 8000
[2022-03-24T14:34:44.420] [INFO] default - Database connect success
[2022-03-24T14:34:57.464] [INFO] default - Server running at 8000
[2022-03-24T14:34:57.760] [INFO] default - Database connect success
[2022-03-25T14:22:11.992] [INFO] default - Server running at 8000
[2022-03-25T14:22:18.849] [INFO] default - Database connect success
[2022-03-26T09:26:42.393] [INFO] default - Server running at 8000
[2022-03-26T09:26:46.458] [INFO] default - Database connect success
[2022-03-26T09:31:09.877] [INFO] default - Server running at 8000
[2022-03-26T09:31:10.102] [INFO] default - Database connect success
[2022-03-26T10:18:44.195] [INFO] default - Server running at 8000
[2022-03-26T10:18:44.215] [ERROR] default - Database connect fail:  connect ECONNREFUSED 127.0.0.1:3306
[2022-03-26T10:18:58.140] [INFO] default - Server running at 8000
[2022-03-26T10:18:58.147] [ERROR] default - Database connect fail:  connect ECONNREFUSED 127.0.0.1:3306
[2022-03-26T10:19:09.314] [INFO] default - Server running at 8000
[2022-03-26T10:19:09.324] [ERROR] default - Database connect fail:  connect ECONNREFUSED 127.0.0.1:3306
[2022-03-26T10:19:22.722] [INFO] default - Server running at 8000
[2022-03-26T10:19:24.349] [INFO] default - Database connect success
[2022-03-26T11:04:38.173] [INFO] default - Server running at 8000
[2022-03-26T11:04:40.012] [INFO] default - Database connect success
[2022-03-26T11:08:52.162] [INFO] default - Server running at 8001
[2022-03-26T11:08:53.461] [INFO] default - Database connect success
[2022-03-26T11:10:55.721] [INFO] default - Server running at 8000
[2022-03-26T11:10:56.046] [INFO] default - Database connect success
[2022-03-28T15:09:23.983] [INFO] default - Server running at 8000
[2022-03-28T15:09:23.999] [ERROR] default - Database connect fail:  connect ECONNREFUSED 127.0.0.1:3306
[2022-03-28T15:10:41.488] [INFO] default - Server running at 8000
[2022-03-28T15:10:41.495] [ERROR] default - Database connect fail:  connect ECONNREFUSED 127.0.0.1:3306
[2022-03-28T15:10:53.870] [INFO] default - Server running at 8000
[2022-03-28T15:10:53.879] [ERROR] default - Database connect fail:  connect ECONNREFUSED 127.0.0.1:3306
[2022-03-28T15:16:58.830] [INFO] default - Server running at 8000
[2022-03-28T15:17:11.513] [INFO] default - Database connect success
[2022-03-29T10:46:52.033] [INFO] default - Server running at 8000
[2022-03-29T10:46:52.044] [ERROR] default - Database connect fail:  connect ECONNREFUSED 127.0.0.1:3306
[2022-03-29T10:47:49.932] [INFO] default - Server running at 8000
[2022-03-29T10:47:50.468] [INFO] default - Database connect success
[2022-03-29T11:05:54.088] [INFO] default - Server running at 8000
[2022-03-29T11:05:55.448] [INFO] default - Database connect success
[2022-03-29T11:06:30.773] [INFO] default - Server running at 8000
[2022-03-29T11:06:32.421] [INFO] default - Database connect success
[2022-03-29T11:27:10.079] [INFO] default - Server running at 8000
[2022-03-29T11:27:10.252] [INFO] default - Database connect success
[2022-03-29T11:27:46.295] [INFO] default - Server running at 8000
[2022-03-29T11:27:48.116] [INFO] default - Database connect success
[2022-03-29T11:28:00.734] [INFO] default - Server running at 8000
[2022-03-29T11:28:02.287] [INFO] default - Database connect success
[2022-03-29T12:19:51.414] [INFO] default - Server running at 8000
[2022-03-29T12:19:53.330] [INFO] default - Database connect success
[2022-03-29T12:24:19.629] [INFO] default - Server running at 8000
[2022-03-29T12:24:21.326] [INFO] default - Database connect success
[2022-03-29T12:33:16.496] [INFO] default - Server running at 8000
[2022-03-29T12:33:17.898] [INFO] default - Database connect success
[2022-03-29T12:34:30.455] [INFO] default - Server running at 8000
[2022-03-29T12:34:31.999] [INFO] default - Database connect success
[2022-03-29T12:37:42.544] [INFO] default - Server running at 8000
[2022-03-29T12:37:43.015] [INFO] default - Database connect success
[2022-03-29T12:38:27.496] [INFO] default - Server running at 8000
[2022-03-29T12:38:28.154] [INFO] default - Database connect success
[2022-03-29T12:38:31.317] [INFO] default - Server running at 8000
[2022-03-29T12:38:31.570] [INFO] default - Database connect success
[2022-03-29T12:38:42.395] [INFO] default - Server running at 8000
[2022-03-29T12:38:54.124] [INFO] default - Database connect success
[2022-03-29T12:40:06.404] [INFO] default - Server running at 8000
[2022-03-29T12:40:06.732] [INFO] default - Database connect success
[2022-03-29T12:40:17.850] [INFO] default - Server running at 8000
[2022-03-29T12:40:18.127] [INFO] default - Database connect success
[2022-03-29T12:40:51.345] [INFO] default - Server running at 8000
[2022-03-29T12:40:51.526] [INFO] default - Database connect success
[2022-03-29T12:41:06.148] [INFO] default - Server running at 8000
[2022-03-29T12:41:06.333] [INFO] default - Database connect success
[2022-03-29T12:41:47.337] [INFO] default - Server running at 8000
[2022-03-29T12:41:47.756] [INFO] default - Database connect success
[2022-03-29T12:43:41.484] [INFO] default - Server running at 8000
[2022-03-29T12:43:41.709] [INFO] default - Database connect success
[2022-03-29T12:56:44.456] [INFO] default - Server running at 8000
[2022-03-29T12:56:44.936] [INFO] default - Database connect success
[2022-03-29T12:57:46.874] [INFO] default - Server running at 8000
[2022-03-29T12:57:47.183] [INFO] default - Database connect success
[2022-03-30T15:02:58.244] [INFO] default - Server running at 8000
[2022-03-30T15:02:58.268] [ERROR] default - Database connect fail:  connect ECONNREFUSED 127.0.0.1:3306
[2022-03-30T15:04:17.595] [INFO] default - Server running at 8000
[2022-03-30T15:04:17.617] [ERROR] default - Database connect fail:  connect ECONNREFUSED 127.0.0.1:3306
[2022-03-30T15:09:05.178] [INFO] default - Server running at 8000
[2022-03-30T15:09:15.816] [INFO] default - Database connect success
[2022-03-30T15:35:53.991] [INFO] default - Server running at 8000
[2022-03-30T15:35:55.857] [INFO] default - Database connect success
[2022-03-30T19:14:10.173] [INFO] default - Server running at 8000
[2022-03-30T19:14:10.233] [ERROR] default - Database connect fail:  connect ECONNREFUSED 127.0.0.1:3306
[2022-03-30T19:30:25.154] [INFO] default - Server running at 8000
[2022-03-30T19:30:32.812] [INFO] default - Database connect success
[2022-03-30T21:44:26.395] [INFO] default - Server running at 8000
[2022-03-30T21:44:26.997] [INFO] default - Database connect success
[2022-03-31T10:06:22.730] [INFO] default - Server running at 8000
[2022-03-31T10:06:24.179] [INFO] default - Database connect success
[2022-03-31T13:43:23.044] [INFO] default - Server running at 8000
[2022-03-31T13:43:23.777] [INFO] default - Database connect success
[2022-03-31T17:48:10.640] [INFO] default - Server running at 8000
[2022-03-31T17:48:12.335] [INFO] default - Database connect success
[2022-03-31T17:48:42.319] [INFO] default - Server running at 8000
[2022-03-31T17:48:43.687] [INFO] default - Database connect success
[2022-03-31T17:48:55.091] [INFO] default - Server running at 8000
[2022-03-31T17:48:56.804] [INFO] default - Database connect success
[2022-03-31T17:52:44.187] [INFO] default - Server running at 8000
[2022-03-31T17:52:46.296] [INFO] default - Database connect success
[2022-03-31T17:53:32.995] [INFO] default - Server running at 8000
[2022-03-31T17:53:33.430] [INFO] default - Database connect success
[2022-03-31T17:56:45.681] [INFO] default - Server running at 8000
[2022-03-31T17:56:46.228] [INFO] default - Database connect success
[2022-03-31T17:57:20.969] [INFO] default - Server running at 8000
[2022-03-31T17:57:24.096] [INFO] default - Database connect success
[2022-03-31T18:09:12.012] [INFO] default - Server running at 8000
[2022-03-31T18:09:12.354] [INFO] default - Database connect success
[2022-03-31T18:29:52.090] [INFO] default - Server running at 8000
[2022-03-31T18:29:52.459] [INFO] default - Database connect success
[2022-03-31T18:31:02.911] [INFO] default - Server running at 8000
[2022-03-31T18:31:04.509] [INFO] default - Database connect success
[2022-03-31T18:33:43.312] [INFO] default - Server running at 8000
[2022-03-31T18:33:43.733] [INFO] default - Database connect success
[2022-03-31T18:40:29.449] [INFO] default - Server running at 8000
[2022-03-31T18:40:30.172] [INFO] default - Database connect success
[2022-03-31T18:43:49.761] [INFO] default - Server running at 8000
[2022-03-31T18:43:50.351] [INFO] default - Database connect success
[2022-03-31T18:44:37.989] [INFO] default - Server running at 8000
[2022-03-31T18:44:38.185] [INFO] default - Database connect success
[2022-03-31T18:46:59.992] [INFO] default - Server running at 8000
[2022-03-31T18:47:00.523] [INFO] default - Database connect success
[2022-03-31T18:53:09.079] [INFO] default - Server running at 8000
[2022-03-31T18:53:10.907] [INFO] default - Database connect success
[2022-03-31T18:53:49.263] [INFO] default - Server running at 8000
[2022-03-31T18:53:49.516] [INFO] default - Database connect success
[2022-03-31T18:55:19.526] [INFO] default - Server running at 8000
[2022-03-31T18:55:21.400] [INFO] default - Database connect success
[2022-03-31T18:56:26.398] [INFO] default - Server running at 8000
[2022-03-31T18:56:56.778] [INFO] default - Database connect success
[2022-03-31T19:31:02.898] [INFO] default - Server running at 8000
[2022-03-31T19:31:05.508] [INFO] default - Database connect success
[2022-03-31T19:31:25.076] [INFO] default - Server running at 8000
[2022-03-31T19:31:26.826] [INFO] default - Database connect success
[2022-03-31T19:31:57.685] [INFO] default - Server running at 8000
[2022-03-31T19:32:02.818] [INFO] default - Database connect success
[2022-03-31T19:33:38.038] [INFO] default - Server running at 8000
[2022-03-31T19:33:38.438] [INFO] default - Database connect success
[2022-03-31T19:34:43.762] [INFO] default - Server running at 8000
[2022-03-31T19:34:46.187] [INFO] default - Database connect success
[2022-03-31T19:41:27.140] [INFO] default - Server running at 8000
[2022-03-31T19:41:27.505] [INFO] default - Database connect success
[2022-03-31T19:42:06.942] [INFO] default - Server running at 8000
[2022-03-31T19:42:09.534] [INFO] default - Database connect success
[2022-03-31T19:44:54.075] [INFO] default - Server running at 8000
[2022-03-31T19:44:54.544] [INFO] default - Database connect success
[2022-03-31T19:49:03.499] [INFO] default - Server running at 8000
[2022-03-31T19:49:04.017] [INFO] default - Database connect success
[2022-03-31T19:58:01.044] [INFO] default - Server running at 8000
[2022-03-31T19:58:01.467] [INFO] default - Database connect success
[2022-03-31T19:58:12.488] [INFO] default - Server running at 8000
[2022-03-31T19:58:12.841] [INFO] default - Database connect success
[2022-03-31T19:59:32.703] [INFO] default - Server running at 8000
[2022-03-31T19:59:34.820] [INFO] default - Database connect success
[2022-03-31T20:00:11.028] [INFO] default - Server running at 8000
[2022-03-31T20:00:11.380] [INFO] default - Database connect success
[2022-03-31T20:00:38.658] [INFO] default - Server running at 8000
[2022-03-31T20:00:39.015] [INFO] default - Database connect success
[2022-03-31T20:00:49.194] [INFO] default - Server running at 8000
[2022-03-31T20:00:49.794] [INFO] default - Database connect success
[2022-03-31T20:01:51.647] [INFO] default - Server running at 8000
[2022-03-31T20:01:53.473] [INFO] default - Database connect success
[2022-03-31T20:06:19.329] [INFO] default - Server running at 8000
[2022-03-31T20:06:20.832] [ERROR] default - Database connect fail:  Order is not defined
[2022-03-31T20:06:36.002] [INFO] default - Server running at 8000
[2022-03-31T20:06:36.239] [INFO] default - Database connect success
[2022-03-31T20:07:07.096] [INFO] default - Server running at 8000
[2022-03-31T20:07:07.476] [INFO] default - Database connect success
[2022-03-31T20:07:24.199] [INFO] default - Server running at 8000
[2022-03-31T20:07:24.379] [INFO] default - Database connect success
[2022-03-31T20:11:51.290] [INFO] default - Server running at 8000
[2022-03-31T20:11:51.873] [INFO] default - Database connect success
[2022-03-31T20:12:06.776] [INFO] default - Server running at 8000
[2022-03-31T20:12:08.169] [INFO] default - Database connect success
[2022-03-31T20:13:19.028] [INFO] default - Server running at 8000
[2022-03-31T20:13:21.524] [INFO] default - Database connect success
[2022-03-31T20:13:33.246] [INFO] default - Server running at 8000
[2022-03-31T20:13:35.299] [INFO] default - Database connect success
[2022-03-31T20:15:21.283] [INFO] default - Server running at 8000
[2022-03-31T20:15:23.060] [INFO] default - Database connect success
[2022-03-31T20:18:11.870] [INFO] default - Server running at 8000
[2022-03-31T20:18:12.127] [INFO] default - Database connect success
[2022-03-31T20:19:18.140] [INFO] default - Server running at 8000
[2022-03-31T20:19:18.636] [INFO] default - Database connect success
[2022-03-31T20:20:42.852] [INFO] default - Server running at 8000
[2022-03-31T20:20:43.240] [INFO] default - Database connect success
[2022-03-31T20:23:36.661] [INFO] default - Server running at 8000
[2022-03-31T20:23:36.863] [INFO] default - Database connect success
[2022-03-31T20:25:43.980] [INFO] default - Server running at 8000
[2022-03-31T20:25:45.720] [INFO] default - Database connect success
[2022-03-31T20:26:05.201] [INFO] default - Server running at 8000
[2022-03-31T20:26:08.860] [INFO] default - Database connect success
[2022-03-31T20:26:23.072] [INFO] default - Server running at 8000
[2022-03-31T20:26:24.729] [INFO] default - Database connect success
[2022-03-31T20:26:44.347] [INFO] default - Server running at 8000
[2022-03-31T20:26:52.279] [INFO] default - Database connect success
[2022-03-31T20:29:07.259] [INFO] default - Server running at 8000
[2022-03-31T20:29:07.486] [INFO] default - Database connect success
[2022-03-31T20:30:56.918] [INFO] default - Server running at 8000
[2022-03-31T20:30:57.395] [INFO] default - Database connect success
[2022-03-31T20:32:23.670] [INFO] default - Server running at 8000
[2022-03-31T20:32:23.942] [INFO] default - Database connect success
[2022-03-31T20:32:42.989] [INFO] default - Server running at 8000
[2022-03-31T20:32:43.810] [INFO] default - Database connect success
[2022-03-31T20:33:29.130] [INFO] default - Server running at 8000
[2022-03-31T20:33:30.788] [INFO] default - Database connect success
[2022-03-31T20:35:26.464] [INFO] default - Server running at 8000
[2022-03-31T20:35:26.999] [INFO] default - Database connect success
[2022-03-31T20:36:06.829] [INFO] default - Server running at 8000
[2022-03-31T20:36:07.333] [INFO] default - Database connect success
[2022-03-31T20:36:44.132] [INFO] default - Server running at 8000
[2022-03-31T20:36:44.577] [INFO] default - Database connect success
[2022-03-31T20:37:12.742] [INFO] default - Server running at 8000
[2022-03-31T20:37:13.154] [INFO] default - Database connect success
[2022-03-31T20:37:24.318] [INFO] default - Server running at 8000
[2022-03-31T20:37:24.711] [INFO] default - Database connect success
[2022-03-31T20:38:00.840] [INFO] default - Server running at 8000
[2022-03-31T20:38:02.827] [INFO] default - Database connect success
[2022-03-31T20:38:04.117] [INFO] default - Server running at 8000
[2022-03-31T20:38:06.029] [INFO] default - Database connect success
[2022-03-31T20:42:00.212] [INFO] default - Server running at 8000
[2022-03-31T20:42:00.376] [INFO] default - Database connect success
[2022-03-31T20:43:29.686] [INFO] default - Server running at 8000
[2022-03-31T20:43:32.116] [INFO] default - Database connect success
[2022-03-31T20:47:38.553] [INFO] default - Server running at 8000
[2022-03-31T20:47:39.190] [INFO] default - Database connect success
[2022-03-31T20:49:17.640] [INFO] default - Server running at 8000
[2022-03-31T20:49:20.348] [INFO] default - Database connect success
[2022-03-31T20:50:54.110] [INFO] default - Server running at 8000
[2022-03-31T20:51:03.839] [INFO] default - Database connect success
[2022-03-31T20:51:41.862] [INFO] default - Server running at 8000
[2022-03-31T20:51:42.567] [INFO] default - Database connect success
[2022-03-31T20:51:50.468] [INFO] default - Server running at 8000
[2022-03-31T20:51:50.878] [INFO] default - Database connect success
[2022-03-31T20:52:01.172] [INFO] default - Server running at 8000
[2022-03-31T20:52:01.682] [INFO] default - Database connect success
[2022-03-31T20:52:49.091] [INFO] default - Server running at 8000
[2022-03-31T20:53:00.354] [INFO] default - Database connect success
[2022-03-31T20:53:52.715] [INFO] default - Server running at 8000
[2022-03-31T20:53:54.251] [INFO] default - Database connect success
[2022-03-31T20:54:13.548] [INFO] default - Server running at 8000
[2022-03-31T20:54:15.175] [INFO] default - Database connect success
[2022-03-31T20:56:54.764] [INFO] default - Server running at 8000
[2022-03-31T20:56:55.014] [INFO] default - Database connect success
[2022-03-31T20:57:52.174] [INFO] default - Server running at 8000
[2022-03-31T20:57:54.311] [INFO] default - Database connect success
[2022-03-31T20:58:04.925] [INFO] default - Server running at 8000
[2022-03-31T20:58:06.764] [INFO] default - Database connect success
[2022-03-31T20:58:49.151] [INFO] default - Server running at 8000
[2022-03-31T20:58:50.841] [INFO] default - Database connect success
[2022-03-31T21:03:29.519] [INFO] default - Server running at 8000
[2022-03-31T21:03:29.731] [INFO] default - Database connect success
[2022-03-31T21:04:16.295] [INFO] default - Server running at 8000
[2022-03-31T21:04:16.492] [INFO] default - Database connect success
[2022-03-31T21:04:52.991] [INFO] default - Server running at 8000
[2022-03-31T21:04:53.199] [INFO] default - Database connect success
[2022-03-31T21:05:04.565] [INFO] default - Server running at 8000
[2022-03-31T21:05:06.227] [INFO] default - Database connect success
[2022-03-31T21:08:57.905] [INFO] default - Server running at 8000
[2022-03-31T21:09:09.201] [INFO] default - Database connect success
[2022-03-31T21:10:11.480] [INFO] default - Server running at 8000
[2022-03-31T21:10:11.698] [INFO] default - Database connect success
[2022-03-31T21:10:32.592] [INFO] default - Server running at 8000
[2022-03-31T21:10:32.798] [INFO] default - Database connect success
[2022-03-31T21:11:17.852] [INFO] default - Server running at 8000
[2022-03-31T21:11:18.244] [INFO] default - Database connect success
[2022-03-31T21:14:57.597] [INFO] default - Server running at 8000
[2022-03-31T21:14:59.027] [INFO] default - Database connect success
[2022-03-31T21:15:02.593] [INFO] default - Server running at 8000
[2022-03-31T21:15:04.340] [INFO] default - Database connect success
[2022-03-31T21:15:53.048] [INFO] default - Server running at 8000
[2022-03-31T21:15:54.745] [INFO] default - Database connect success
[2022-03-31T21:16:01.092] [INFO] default - Server running at 8000
[2022-03-31T21:16:02.700] [INFO] default - Database connect success
[2022-03-31T21:16:21.383] [INFO] default - Server running at 8000
[2022-03-31T21:16:23.017] [INFO] default - Database connect success
[2022-03-31T21:18:12.796] [INFO] default - Server running at 8000
[2022-03-31T21:20:51.035] [INFO] default - Server running at 8000
[2022-03-31T21:20:51.790] [INFO] default - Database connect success
[2022-03-31T21:24:21.609] [INFO] default - Server running at 8000
[2022-03-31T21:24:23.317] [INFO] default - Database connect success
[2022-03-31T21:27:11.384] [INFO] default - Server running at 8000
[2022-03-31T21:27:11.619] [INFO] default - Database connect success
[2022-03-31T21:27:45.795] [INFO] default - Server running at 8000
[2022-03-31T21:27:46.090] [INFO] default - Database connect success
[2022-03-31T21:29:10.251] [INFO] default - Server running at 8000
[2022-03-31T21:29:10.434] [INFO] default - Database connect success
[2022-03-31T21:29:25.687] [INFO] default - Server running at 8000
[2022-03-31T21:29:25.982] [INFO] default - Database connect success
[2022-03-31T21:29:46.230] [INFO] default - Server running at 8000
[2022-03-31T21:29:47.115] [INFO] default - Database connect success
[2022-03-31T21:29:52.402] [INFO] default - Server running at 8000
[2022-03-31T21:29:53.101] [INFO] default - Database connect success
[2022-03-31T21:30:15.636] [INFO] default - Server running at 8000
[2022-03-31T21:30:16.074] [INFO] default - Database connect success
[2022-03-31T21:30:40.429] [INFO] default - Server running at 8000
[2022-03-31T21:30:40.632] [INFO] default - Database connect success
[2022-03-31T21:30:43.379] [INFO] default - Server running at 8000
[2022-03-31T21:30:43.573] [INFO] default - Database connect success
[2022-03-31T21:33:12.606] [INFO] default - Server running at 8000
[2022-03-31T21:33:12.780] [INFO] default - Database connect success
[2022-03-31T22:09:28.122] [INFO] default - Server running at 8000
[2022-03-31T22:09:42.039] [INFO] default - Database connect success
[2022-03-31T22:17:44.580] [INFO] default - Server running at 8000
[2022-03-31T22:17:44.787] [INFO] default - Database connect success
[2022-03-31T22:18:07.419] [INFO] default - Server running at 8000
[2022-03-31T22:18:07.625] [INFO] default - Database connect success
[2022-03-31T22:18:33.993] [INFO] default - Server running at 8000
[2022-03-31T22:18:34.339] [INFO] default - Database connect success
[2022-03-31T22:18:36.947] [INFO] default - Server running at 8000
[2022-03-31T22:18:37.335] [INFO] default - Database connect success
[2022-03-31T22:19:05.159] [INFO] default - Server running at 8000
[2022-03-31T22:19:05.513] [INFO] default - Database connect success
[2022-03-31T22:20:46.779] [INFO] default - Server running at 8000
[2022-03-31T22:20:47.158] [INFO] default - Database connect success
[2022-03-31T22:21:15.189] [INFO] default - Server running at 8000
[2022-03-31T22:21:15.372] [INFO] default - Database connect success
[2022-03-31T22:23:42.488] [INFO] default - Server running at 8000
[2022-03-31T22:23:44.192] [INFO] default - Database connect success
[2022-03-31T22:23:53.429] [INFO] default - Server running at 8000
[2022-03-31T22:23:53.651] [INFO] default - Database connect success
[2022-03-31T22:24:04.781] [INFO] default - Server running at 8000
[2022-03-31T22:24:04.959] [INFO] default - Database connect success
[2022-03-31T22:24:13.354] [INFO] default - Server running at 8000
[2022-03-31T22:24:13.626] [INFO] default - Database connect success
[2022-03-31T22:25:17.280] [INFO] default - Server running at 8000
[2022-03-31T22:25:19.713] [INFO] default - Database connect success
[2022-03-31T22:27:03.143] [INFO] default - Server running at 8000
[2022-03-31T22:27:03.326] [INFO] default - Database connect success
[2022-03-31T22:27:41.101] [INFO] default - Server running at 8000
[2022-03-31T22:27:41.308] [INFO] default - Database connect success
[2022-03-31T22:28:01.409] [INFO] default - Server running at 8000
[2022-03-31T22:28:01.722] [INFO] default - Database connect success
[2022-03-31T22:28:47.280] [INFO] default - Server running at 8000
[2022-03-31T22:28:47.555] [INFO] default - Database connect success
[2022-03-31T22:36:38.422] [INFO] default - Server running at 8000
[2022-03-31T22:36:38.935] [INFO] default - Database connect success
[2022-03-31T22:43:31.758] [INFO] default - Server running at 8000
[2022-03-31T22:43:32.017] [INFO] default - Database connect success
[2022-03-31T22:50:29.760] [INFO] default - Server running at 8000
[2022-03-31T22:50:30.159] [ERROR] default - Database connect fail:  Invalid value Moment<2022-03-31T22:50:29+07:00>
[2022-03-31T22:59:18.917] [INFO] default - Server running at 8000
[2022-03-31T22:59:19.441] [INFO] default - Database connect success
[2022-03-31T23:00:26.956] [INFO] default - Server running at 8000
[2022-03-31T23:00:31.013] [INFO] default - Database connect success
[2022-03-31T23:00:38.006] [INFO] default - Server running at 8000
[2022-03-31T23:00:42.075] [INFO] default - Database connect success
[2022-03-31T23:05:34.006] [INFO] default - Server running at 8000
[2022-03-31T23:05:35.908] [INFO] default - Database connect success
[2022-04-01T00:03:29.670] [INFO] default - Server running at 8000
[2022-04-01T00:03:31.605] [INFO] default - Database connect success
[2022-04-01T00:04:18.543] [INFO] default - Server running at 8000
[2022-04-01T00:04:20.281] [INFO] default - Database connect success
[2022-04-01T00:05:16.954] [INFO] default - Server running at 8000
[2022-04-01T00:05:18.628] [INFO] default - Database connect success
[2022-04-01T00:05:36.882] [INFO] default - Server running at 8000
[2022-04-01T00:05:38.972] [INFO] default - Database connect success
[2022-04-01T12:00:38.004] [INFO] default - Server running at 8000
[2022-04-01T12:00:38.015] [ERROR] default - Database connect fail:  connect ECONNREFUSED 127.0.0.1:3306
[2022-04-01T12:01:09.112] [INFO] default - Server running at 8000
[2022-04-01T12:01:09.382] [INFO] default - Database connect success
[2022-04-01T12:54:41.278] [INFO] default - Server running at 8000
[2022-04-01T12:54:42.178] [INFO] default - Database connect success
[2022-04-01T12:55:30.721] [INFO] default - Server running at 8000
[2022-04-01T12:55:32.668] [INFO] default - Database connect success
[2022-04-01T14:54:45.223] [INFO] default - Server running at 8000
[2022-04-01T14:54:45.229] [ERROR] default - Database connect fail:  connect ECONNREFUSED 127.0.0.1:3306
[2022-04-01T14:55:46.185] [INFO] default - Server running at 8000
[2022-04-01T14:55:46.558] [INFO] default - Database connect success
[2022-04-01T15:06:05.340] [INFO] default - Server running at 8000
[2022-04-01T15:06:05.923] [INFO] default - Database connect success
[2022-04-01T18:35:36.283] [INFO] default - Server running at 8000
[2022-04-01T18:35:37.427] [INFO] default - Database connect success
[2022-04-01T18:36:53.848] [INFO] default - Server running at 8000
[2022-04-01T18:36:55.568] [INFO] default - Database connect success
[2022-04-01T20:59:32.413] [INFO] default - Server running at 8000
[2022-04-01T20:59:35.160] [INFO] default - Database connect success
[2022-04-01T20:59:43.308] [INFO] default - Server running at 8000
[2022-04-01T20:59:45.314] [INFO] default - Database connect success
[2022-04-01T21:00:08.370] [INFO] default - Server running at 8000
[2022-04-01T21:00:10.610] [INFO] default - Database connect success
[2022-04-01T21:02:08.457] [INFO] default - Server running at 8000
[2022-04-01T21:02:08.869] [INFO] default - Database connect success
[2022-04-01T21:02:39.646] [INFO] default - Server running at 8000
[2022-04-01T21:02:39.924] [INFO] default - Database connect success
[2022-04-01T23:50:04.152] [INFO] default - Server running at 8000
[2022-04-01T23:50:04.889] [INFO] default - Database connect success
[2022-04-01T23:54:03.392] [INFO] default - Server running at 8000
[2022-04-01T23:54:03.949] [INFO] default - Database connect success
[2022-04-01T23:54:40.733] [INFO] default - Server running at 8000
[2022-04-01T23:54:41.082] [INFO] default - Database connect success
[2022-04-01T23:56:50.941] [INFO] default - Server running at 8000
[2022-04-01T23:56:51.427] [INFO] default - Database connect success
[2022-04-02T00:16:11.179] [INFO] default - Server running at 8000
[2022-04-02T00:16:13.429] [INFO] default - Database connect success
[2022-04-02T00:18:24.112] [INFO] default - Server running at 8000
[2022-04-02T00:18:26.190] [INFO] default - Database connect success
[2022-04-02T00:19:21.280] [INFO] default - Server running at 8000
[2022-04-02T00:19:21.580] [INFO] default - Database connect success
[2022-04-02T00:20:16.122] [INFO] default - Server running at 8000
[2022-04-02T00:20:18.049] [INFO] default - Database connect success
[2022-04-02T00:20:40.961] [INFO] default - Server running at 8000
[2022-04-02T00:20:42.642] [INFO] default - Database connect success
[2022-04-02T00:23:15.038] [INFO] default - Server running at 8000
[2022-04-02T00:23:15.422] [INFO] default - Database connect success
[2022-04-02T00:23:33.422] [INFO] default - Server running at 8000
[2022-04-02T00:23:33.678] [INFO] default - Database connect success
[2022-04-02T00:23:47.975] [INFO] default - Server running at 8000
[2022-04-02T00:23:48.200] [INFO] default - Database connect success
[2022-04-02T00:26:03.930] [INFO] default - Server running at 8000
[2022-04-02T00:26:05.639] [INFO] default - Database connect success
[2022-04-02T00:26:50.087] [INFO] default - Server running at 8000
[2022-04-02T00:26:50.398] [INFO] default - Database connect success
[2022-04-02T00:29:34.944] [INFO] default - Server running at 8000
[2022-04-02T00:29:36.746] [INFO] default - Database connect success
[2022-04-02T00:31:48.314] [INFO] default - Server running at 8000
[2022-04-02T00:31:48.753] [INFO] default - Database connect success
[2022-04-02T00:33:11.435] [INFO] default - Server running at 8000
[2022-04-02T00:33:11.757] [INFO] default - Database connect success
[2022-04-02T00:33:25.341] [INFO] default - Server running at 8000
[2022-04-02T00:33:25.669] [INFO] default - Database connect success
[2022-04-02T00:34:00.282] [INFO] default - Server running at 8000
[2022-04-02T00:34:00.694] [INFO] default - Database connect success
[2022-04-02T00:34:55.821] [INFO] default - Server running at 8000
[2022-04-02T00:34:56.130] [INFO] default - Database connect success
[2022-04-02T00:35:21.660] [INFO] default - Server running at 8000
[2022-04-02T00:35:22.161] [INFO] default - Database connect success
[2022-04-02T00:35:37.102] [INFO] default - Server running at 8000
[2022-04-02T00:35:37.640] [INFO] default - Database connect success
[2022-04-02T00:36:14.344] [INFO] default - Server running at 8000
[2022-04-02T00:36:16.001] [INFO] default - Database connect success
[2022-04-02T00:36:40.371] [INFO] default - Server running at 8000
[2022-04-02T00:36:42.077] [INFO] default - Database connect success
[2022-04-02T00:39:21.940] [INFO] default - Server running at 8000
[2022-04-02T00:39:22.994] [INFO] default - Database connect success
[2022-04-02T00:40:25.221] [INFO] default - Server running at 8000
[2022-04-02T00:40:25.883] [INFO] default - Database connect success
[2022-04-02T00:41:13.921] [INFO] default - Server running at 8000
[2022-04-02T00:41:21.011] [INFO] default - Server running at 8000
[2022-04-02T00:41:25.653] [INFO] default - Database connect success
[2022-04-02T00:41:39.344] [INFO] default - Server running at 8000
[2022-04-02T00:41:40.173] [INFO] default - Database connect success
[2022-04-02T00:42:19.675] [INFO] default - Server running at 8000
[2022-04-02T00:42:22.636] [INFO] default - Database connect success
[2022-04-02T00:42:33.802] [INFO] default - Server running at 8000
[2022-04-02T00:42:34.139] [INFO] default - Database connect success
[2022-04-02T00:43:10.258] [INFO] default - Server running at 8000
[2022-04-02T00:43:18.490] [INFO] default - Database connect success
[2022-04-02T00:43:23.532] [INFO] default - Server running at 8000
[2022-04-02T00:43:25.674] [INFO] default - Database connect success
[2022-04-02T00:43:37.519] [INFO] default - Server running at 8000
[2022-04-02T00:43:37.770] [INFO] default - Database connect success
[2022-04-02T00:45:57.214] [INFO] default - Server running at 8000
[2022-04-02T00:45:57.526] [INFO] default - Database connect success
[2022-04-02T01:06:17.361] [INFO] default - Server running at 8000
[2022-04-02T01:06:18.276] [INFO] default - Database connect success
[2022-04-02T01:13:22.290] [INFO] default - Server running at 8000
[2022-04-02T01:13:24.528] [INFO] default - Database connect success
[2022-04-02T01:16:47.966] [INFO] default - Server running at 8000
[2022-04-02T01:16:48.454] [INFO] default - Database connect success
[2022-04-02T01:17:16.811] [INFO] default - Server running at 8000
[2022-04-02T01:17:17.553] [INFO] default - Database connect success
[2022-04-02T01:47:36.968] [INFO] default - Server running at 8000
[2022-04-02T01:47:38.286] [INFO] default - Database connect success
[2022-04-02T01:47:50.859] [INFO] default - Server running at 8000
[2022-04-02T01:47:51.607] [INFO] default - Database connect success
[2022-04-02T13:20:08.923] [INFO] default - Server running at 8000
[2022-04-02T13:20:09.011] [ERROR] default - Database connect fail:  connect ECONNREFUSED 127.0.0.1:3306
[2022-04-02T13:20:50.082] [INFO] default - Server running at 8000
[2022-04-02T13:20:53.756] [INFO] default - Database connect success
[2022-04-02T13:31:40.803] [INFO] default - Server running at 8000
[2022-04-02T13:31:42.618] [INFO] default - Database connect success
[2022-04-02T13:31:50.725] [INFO] default - Server running at 8000
[2022-04-02T13:31:52.616] [INFO] default - Database connect success
[2022-04-02T13:35:11.606] [INFO] default - Server running at 8000
[2022-04-02T13:35:13.529] [INFO] default - Database connect success
[2022-04-02T14:11:20.286] [INFO] default - Server running at 8000
[2022-04-02T14:11:22.149] [INFO] default - Database connect success
[2022-04-02T14:33:07.971] [INFO] default - Server running at 8000
[2022-04-02T14:33:08.412] [INFO] default - Database connect success
[2022-04-02T14:50:45.542] [INFO] default - Server running at 8000
[2022-04-02T14:50:47.378] [INFO] default - Database connect success
[2022-04-02T14:51:09.780] [INFO] default - Server running at 8000
[2022-04-02T14:51:10.046] [INFO] default - Database connect success
[2022-04-02T16:35:12.205] [INFO] default - Server running at 8000
[2022-04-02T16:35:14.158] [INFO] default - Database connect success
[2022-04-02T16:35:36.665] [INFO] default - Server running at 8000
[2022-04-02T16:35:38.825] [INFO] default - Database connect success
[2022-04-02T16:42:13.276] [INFO] default - Server running at 8000
[2022-04-02T16:42:13.488] [INFO] default - Database connect success
[2022-04-02T16:42:32.147] [INFO] default - Server running at 8000
[2022-04-02T16:42:32.548] [INFO] default - Database connect success
[2022-04-02T16:42:46.800] [INFO] default - Server running at 8000
[2022-04-02T16:42:47.202] [INFO] default - Database connect success
[2022-04-02T16:45:28.244] [INFO] default - Server running at 8000
[2022-04-02T16:45:28.748] [INFO] default - Database connect success
[2022-04-02T16:46:12.439] [INFO] default - Server running at 8000
[2022-04-02T16:46:12.731] [INFO] default - Database connect success
[2022-04-02T16:46:23.024] [INFO] default - Server running at 8000
[2022-04-02T16:46:23.222] [INFO] default - Database connect success
[2022-04-02T16:46:45.881] [INFO] default - Server running at 8000
[2022-04-02T16:46:46.070] [INFO] default - Database connect success
[2022-04-02T16:47:12.658] [INFO] default - Server running at 8000
[2022-04-02T16:47:14.556] [INFO] default - Database connect success
[2022-04-02T17:08:50.238] [INFO] default - Server running at 8000
[2022-04-02T17:08:55.031] [INFO] default - Database connect success
[2022-04-02T17:09:08.690] [INFO] default - Server running at 8000
[2022-04-02T17:09:10.984] [INFO] default - Database connect success
[2022-04-02T17:09:19.698] [INFO] default - Server running at 8000
[2022-04-02T17:09:20.022] [INFO] default - Database connect success
[2022-04-02T18:23:54.770] [INFO] default - Server running at 8000
[2022-04-02T18:24:05.586] [INFO] default - Database connect success
[2022-04-02T22:06:32.832] [INFO] default - Server running at 8000
[2022-04-02T22:06:33.767] [INFO] default - Database connect success
[2022-04-02T22:54:42.399] [INFO] default - Server running at 8000
[2022-04-02T22:54:42.619] [INFO] default - Database connect success
[2022-04-02T23:18:15.636] [INFO] default - Server running at 8000
[2022-04-02T23:18:15.806] [INFO] default - Database connect success
[2022-04-02T23:21:49.069] [INFO] default - Server running at 8000
[2022-04-02T23:21:49.571] [INFO] default - Database connect success
[2022-04-02T23:22:31.489] [INFO] default - Server running at 8000
[2022-04-02T23:22:31.875] [INFO] default - Database connect success
[2022-04-02T23:23:02.828] [INFO] default - Server running at 8000
[2022-04-02T23:23:03.146] [INFO] default - Database connect success
[2022-04-03T13:10:06.505] [INFO] default - Server running at 8000
[2022-04-03T13:10:07.440] [INFO] default - Database connect success
[2022-04-03T17:23:19.661] [INFO] default - Server running at 8000
[2022-04-03T17:23:20.271] [INFO] default - Database connect success
[2022-04-03T17:44:09.114] [INFO] default - Server running at 8000
[2022-04-03T17:44:09.613] [INFO] default - Database connect success
[2022-04-03T17:48:43.139] [INFO] default - Server running at 8000
[2022-04-03T17:48:43.658] [INFO] default - Database connect success
[2022-04-03T17:50:31.499] [INFO] default - Server running at 8000
[2022-04-03T17:50:33.040] [INFO] default - Database connect success
[2022-04-03T17:56:13.112] [INFO] default - Server running at 8000
[2022-04-03T17:56:13.440] [INFO] default - Database connect success
[2022-04-03T17:56:19.403] [INFO] default - Server running at 8000
[2022-04-03T17:56:19.588] [INFO] default - Database connect success
[2022-04-03T17:59:54.811] [INFO] default - Server running at 8000
[2022-04-03T17:59:55.109] [INFO] default - Database connect success
[2022-04-03T18:00:28.989] [INFO] default - Server running at 8000
[2022-04-03T18:00:29.251] [INFO] default - Database connect success
[2022-04-03T18:01:37.950] [INFO] default - Server running at 8000
[2022-04-03T18:01:39.923] [INFO] default - Database connect success
[2022-04-03T18:04:28.218] [INFO] default - Server running at 8000
[2022-04-03T18:04:29.943] [INFO] default - Database connect success
[2022-04-03T18:05:04.104] [INFO] default - Server running at 8000
[2022-04-03T18:05:05.880] [INFO] default - Database connect success
[2022-04-03T18:05:42.838] [INFO] default - Server running at 8000
[2022-04-03T18:05:43.287] [INFO] default - Database connect success
[2022-04-03T18:06:19.417] [INFO] default - Server running at 8000
[2022-04-03T18:06:19.621] [INFO] default - Database connect success
[2022-04-03T18:06:35.478] [INFO] default - Server running at 8000
[2022-04-03T18:06:35.922] [INFO] default - Database connect success
[2022-04-03T18:09:13.832] [INFO] default - Server running at 8000
[2022-04-03T18:09:14.008] [INFO] default - Database connect success
[2022-04-03T18:10:42.088] [INFO] default - Server running at 8000
[2022-04-03T18:10:42.462] [INFO] default - Database connect success
[2022-04-03T18:11:37.076] [INFO] default - Server running at 8000
[2022-04-03T18:11:39.066] [INFO] default - Database connect success
[2022-04-03T18:12:34.880] [INFO] default - Server running at 8000
[2022-04-03T18:12:36.811] [INFO] default - Database connect success
[2022-04-03T20:00:38.152] [INFO] default - Server running at 8000
[2022-04-03T20:00:41.241] [INFO] default - Database connect success
[2022-04-03T20:01:56.173] [INFO] default - Server running at 8000
[2022-04-03T20:01:56.563] [INFO] default - Database connect success
[2022-04-03T20:02:41.379] [INFO] default - Server running at 8000
[2022-04-03T20:02:41.811] [INFO] default - Database connect success
[2022-04-03T20:03:26.374] [INFO] default - Server running at 8000
[2022-04-03T20:03:27.957] [INFO] default - Database connect success
[2022-04-03T20:04:34.983] [INFO] default - Server running at 8000
[2022-04-03T20:04:35.308] [INFO] default - Database connect success
[2022-04-03T20:05:14.695] [INFO] default - Server running at 8000
[2022-04-03T20:05:15.149] [INFO] default - Database connect success
[2022-04-03T20:05:56.273] [INFO] default - Server running at 8000
[2022-04-03T20:05:57.992] [INFO] default - Database connect success
[2022-04-03T20:07:56.078] [INFO] default - Server running at 8000
[2022-04-03T20:07:58.027] [INFO] default - Database connect success
[2022-04-03T20:09:23.557] [INFO] default - Server running at 8000
[2022-04-03T20:09:24.816] [INFO] default - Database connect success
[2022-04-03T20:09:35.316] [INFO] default - Server running at 8000
[2022-04-03T20:09:35.597] [INFO] default - Database connect success
[2022-04-03T20:11:09.986] [INFO] default - Server running at 8000
[2022-04-03T20:11:12.166] [INFO] default - Database connect success
[2022-04-03T20:11:33.707] [INFO] default - Server running at 8000
[2022-04-03T20:11:46.385] [INFO] default - Database connect success
[2022-04-03T20:12:30.178] [INFO] default - Server running at 8000
[2022-04-03T20:12:30.487] [INFO] default - Database connect success
[2022-04-03T20:12:58.555] [INFO] default - Server running at 8000
[2022-04-03T20:12:58.849] [INFO] default - Database connect success
[2022-04-03T20:13:31.356] [INFO] default - Server running at 8000
[2022-04-03T20:13:31.627] [INFO] default - Database connect success
[2022-04-03T20:13:57.689] [INFO] default - Server running at 8000
[2022-04-03T20:13:57.936] [INFO] default - Database connect success
[2022-04-03T20:14:39.301] [INFO] default - Server running at 8000
[2022-04-03T20:14:41.410] [INFO] default - Database connect success
[2022-04-03T20:15:27.872] [INFO] default - Server running at 8000
[2022-04-03T20:15:28.281] [INFO] default - Database connect success
[2022-04-03T20:16:47.437] [INFO] default - Server running at 8000
[2022-04-03T20:16:47.839] [INFO] default - Database connect success
[2022-04-03T20:17:18.000] [INFO] default - Server running at 8000
[2022-04-03T20:17:18.361] [INFO] default - Database connect success
[2022-04-03T20:18:03.031] [INFO] default - Server running at 8000
[2022-04-03T20:18:05.044] [INFO] default - Database connect success
[2022-04-03T20:18:40.626] [INFO] default - Server running at 8000
[2022-04-03T20:18:42.623] [INFO] default - Database connect success
[2022-04-03T20:19:14.689] [INFO] default - Server running at 8000
[2022-04-03T20:19:16.705] [INFO] default - Database connect success
[2022-04-03T20:20:35.463] [INFO] default - Server running at 8000
[2022-04-03T20:20:35.950] [INFO] default - Database connect success
[2022-04-03T20:20:52.139] [INFO] default - Server running at 8000
[2022-04-03T20:20:52.538] [INFO] default - Database connect success
[2022-04-03T20:26:16.801] [INFO] default - Server running at 8000
[2022-04-03T20:26:17.141] [INFO] default - Database connect success
[2022-04-03T20:28:16.391] [INFO] default - Server running at 8000
[2022-04-03T20:28:18.115] [INFO] default - Database connect success
[2022-04-03T20:28:47.060] [INFO] default - Server running at 8000
[2022-04-03T20:28:47.642] [INFO] default - Database connect success
[2022-04-03T20:29:34.419] [INFO] default - Server running at 8000
[2022-04-03T20:29:34.853] [INFO] default - Database connect success
[2022-04-03T20:53:53.182] [INFO] default - Server running at 8000
[2022-04-03T20:53:53.557] [INFO] default - Database connect success
[2022-04-03T20:54:24.675] [INFO] default - Server running at 8000
[2022-04-03T20:54:26.915] [INFO] default - Database connect success
[2022-04-03T20:55:10.218] [INFO] default - Server running at 8000
[2022-04-03T20:55:13.675] [INFO] default - Server running at 8000
[2022-04-03T20:55:15.471] [INFO] default - Database connect success
[2022-04-03T21:22:18.941] [INFO] default - Server running at 8000
[2022-04-03T21:22:19.193] [INFO] default - Database connect success
[2022-04-03T21:22:43.371] [INFO] default - Server running at 8000
[2022-04-03T21:22:43.759] [INFO] default - Database connect success
[2022-04-03T21:30:04.989] [INFO] default - Server running at 8000
[2022-04-03T21:30:08.052] [INFO] default - Database connect success
[2022-04-03T21:40:37.689] [INFO] default - Server running at 8000
[2022-04-03T21:40:37.773] [ERROR] default - Database connect fail:  connect ECONNREFUSED ::1:3306
[2022-04-03T21:41:44.251] [INFO] default - Server running at 8000
[2022-04-03T21:41:46.534] [INFO] default - Database connect success
[2022-04-03T22:30:04.740] [INFO] default - Server running at 8000
[2022-04-03T22:30:09.970] [INFO] default - Database connect success
[2022-04-04T00:46:01.434] [INFO] default - Server running at 8000
[2022-04-04T00:46:01.754] [INFO] default - Database connect success
